<?xml version="1.0" encoding="UTF-8"?>
<testng-results ignored="0" total="1" passed="1" failed="0" skipped="0">
  <reporter-output>
  </reporter-output>
  <suite started-at="2023-01-18T15:48:05 IST" name="Suite" finished-at="2023-01-18T15:49:02 IST" duration-ms="56236">
    <groups>
    </groups>
    <test started-at="2023-01-18T15:48:05 IST" name="Test" finished-at="2023-01-18T15:49:02 IST" duration-ms="56236">
      <class name="TestCase.TestCollectionPage">
        <test-method is-config="true" signature="openBrowser(java.lang.String)[pri:0, instance:TestCase.TestCollectionPage@5158b42f]" started-at="2023-01-18T15:48:05 IST" name="openBrowser" finished-at="2023-01-18T15:48:22 IST" duration-ms="16161" status="PASS">
          <params>
            <param index="0">
              <value>
                <![CDATA[chrome]]>
              </value>
            </param>
          </params>
          <reporter-output>
          </reporter-output>
        </test-method> <!-- openBrowser -->
        <test-method is-config="true" signature="display1()[pri:0, instance:TestCase.TestCollectionPage@5158b42f]" started-at="2023-01-18T15:48:22 IST" name="display1" finished-at="2023-01-18T15:48:22 IST" duration-ms="424" status="PASS">
          <reporter-output>
          </reporter-output>
        </test-method> <!-- display1 -->
        <test-method signature="abc()[pri:0, instance:TestCase.TestCollectionPage@5158b42f]" started-at="2023-01-18T15:48:22 IST" name="abc" description="Test_Collection" finished-at="2023-01-18T15:49:01 IST" duration-ms="38558" status="PASS">
          <reporter-output>
          </reporter-output>
        </test-method> <!-- abc -->
        <test-method is-config="true" signature="display2()[pri:0, instance:TestCase.TestCollectionPage@5158b42f]" started-at="2023-01-18T15:49:01 IST" name="display2" finished-at="2023-01-18T15:49:01 IST" duration-ms="567" status="PASS">
          <reporter-output>
          </reporter-output>
        </test-method> <!-- display2 -->
        <test-method is-config="true" signature="close()[pri:0, instance:TestCase.TestCollectionPage@5158b42f]" started-at="2023-01-18T15:49:01 IST" name="close" finished-at="2023-01-18T15:49:02 IST" duration-ms="463" status="PASS">
          <reporter-output>
          </reporter-output>
        </test-method> <!-- close -->
      </class> <!-- TestCase.TestCollectionPage -->
    </test> <!-- Test -->
  </suite> <!-- Suite -->
</testng-results>
